<?xml version="1.0" encoding="UTF-8"?>
<testng-results ignored="0" total="2" passed="2" failed="0" skipped="0">
  <reporter-output>
  </reporter-output>
  <suite started-at="2026-02-09T13:18:03 IST" name="Suite" finished-at="2026-02-09T13:18:19 IST" duration-ms="15469">
    <groups>
      <group name="Master">
        <method signature="TC001_AccountRegistrationPage.verify_account_registration()[pri:0, instance:testCases.TC001_AccountRegistrationPage@6ce86ce1]" name="verify_account_registration" class="testCases.TC001_AccountRegistrationPage"/>
        <method signature="TC002_LoginTest.verify_login()[pri:0, instance:testCases.TC002_LoginTest@64bce832]" name="verify_login" class="testCases.TC002_LoginTest"/>
      </group> <!-- Master -->
      <group name="Sanity">
        <method signature="TC002_LoginTest.verify_login()[pri:0, instance:testCases.TC002_LoginTest@64bce832]" name="verify_login" class="testCases.TC002_LoginTest"/>
      </group> <!-- Sanity -->
      <group name="Regression">
        <method signature="TC001_AccountRegistrationPage.verify_account_registration()[pri:0, instance:testCases.TC001_AccountRegistrationPage@6ce86ce1]" name="verify_account_registration" class="testCases.TC001_AccountRegistrationPage"/>
      </group> <!-- Regression -->
    </groups>
    <test started-at="2026-02-09T13:18:03 IST" name="Test" finished-at="2026-02-09T13:18:19 IST" duration-ms="15469">
      <class name="testCases.TC002_LoginTest">
        <test-method is-config="true" signature="setup(java.lang.String,java.lang.String)[pri:0, instance:testCases.TC002_LoginTest@64bce832]" started-at="2026-02-09T13:18:13 IST" name="setup" finished-at="2026-02-09T13:18:16 IST" duration-ms="2629" status="PASS">
          <params>
            <param index="0">
              <value>
                <![CDATA[Windows]]>
              </value>
            </param>
            <param index="1">
              <value>
                <![CDATA[chrome]]>
              </value>
            </param>
          </params>
          <reporter-output>
          </reporter-output>
        </test-method> <!-- setup -->
        <test-method signature="verify_login()[pri:0, instance:testCases.TC002_LoginTest@64bce832]" started-at="2026-02-09T13:18:16 IST" name="verify_login" finished-at="2026-02-09T13:18:18 IST" duration-ms="2394" status="PASS">
          <reporter-output>
          </reporter-output>
        </test-method> <!-- verify_login -->
        <test-method is-config="true" signature="tearDown()[pri:0, instance:testCases.TC002_LoginTest@64bce832]" started-at="2026-02-09T13:18:18 IST" name="tearDown" finished-at="2026-02-09T13:18:19 IST" duration-ms="286" status="PASS">
          <reporter-output>
          </reporter-output>
        </test-method> <!-- tearDown -->
      </class> <!-- testCases.TC002_LoginTest -->
      <class name="testCases.TC001_AccountRegistrationPage">
        <test-method is-config="true" signature="setup(java.lang.String,java.lang.String)[pri:0, instance:testCases.TC001_AccountRegistrationPage@6ce86ce1]" started-at="2026-02-09T13:18:03 IST" name="setup" finished-at="2026-02-09T13:18:07 IST" duration-ms="3419" status="PASS">
          <params>
            <param index="0">
              <value>
                <![CDATA[Windows]]>
              </value>
            </param>
            <param index="1">
              <value>
                <![CDATA[chrome]]>
              </value>
            </param>
          </params>
          <reporter-output>
          </reporter-output>
        </test-method> <!-- setup -->
        <test-method signature="verify_account_registration()[pri:0, instance:testCases.TC001_AccountRegistrationPage@6ce86ce1]" started-at="2026-02-09T13:18:07 IST" name="verify_account_registration" finished-at="2026-02-09T13:18:13 IST" duration-ms="6002" status="PASS">
          <reporter-output>
          </reporter-output>
        </test-method> <!-- verify_account_registration -->
        <test-method is-config="true" signature="tearDown()[pri:0, instance:testCases.TC001_AccountRegistrationPage@6ce86ce1]" started-at="2026-02-09T13:18:13 IST" name="tearDown" finished-at="2026-02-09T13:18:13 IST" duration-ms="338" status="PASS">
          <reporter-output>
          </reporter-output>
        </test-method> <!-- tearDown -->
      </class> <!-- testCases.TC001_AccountRegistrationPage -->
    </test> <!-- Test -->
  </suite> <!-- Suite -->
</testng-results>
