<?xml version="1.0" encoding="UTF-8"?>
<testng-results ignored="0" total="2" passed="2" failed="0" skipped="0">
  <reporter-output>
  </reporter-output>
  <suite started-at="2026-01-19T16:40:28 IST" name="Suite" finished-at="2026-01-19T16:40:45 IST" duration-ms="17192">
    <groups>
      <group name="Master">
        <method signature="TC001_AccountRegistrationPage.verify_account_registration()[pri:0, instance:testCases.TC001_AccountRegistrationPage@740d2e78]" name="verify_account_registration" class="testCases.TC001_AccountRegistrationPage"/>
        <method signature="TC002_LoginTest.verify_login()[pri:0, instance:testCases.TC002_LoginTest@335b5620]" name="verify_login" class="testCases.TC002_LoginTest"/>
      </group> <!-- Master -->
      <group name="Sanity">
        <method signature="TC002_LoginTest.verify_login()[pri:0, instance:testCases.TC002_LoginTest@335b5620]" name="verify_login" class="testCases.TC002_LoginTest"/>
      </group> <!-- Sanity -->
      <group name="Regression">
        <method signature="TC001_AccountRegistrationPage.verify_account_registration()[pri:0, instance:testCases.TC001_AccountRegistrationPage@740d2e78]" name="verify_account_registration" class="testCases.TC001_AccountRegistrationPage"/>
      </group> <!-- Regression -->
    </groups>
    <test started-at="2026-01-19T16:40:28 IST" name="Test" finished-at="2026-01-19T16:40:45 IST" duration-ms="17192">
      <class name="testCases.TC002_LoginTest">
        <test-method is-config="true" signature="setup(java.lang.String,java.lang.String)[pri:0, instance:testCases.TC002_LoginTest@335b5620]" started-at="2026-01-19T16:40:39 IST" name="setup" finished-at="2026-01-19T16:40:41 IST" duration-ms="2737" status="PASS">
          <params>
            <param index="0">
              <value>
                <![CDATA[Windows]]>
              </value>
            </param>
            <param index="1">
              <value>
                <![CDATA[chrome]]>
              </value>
            </param>
          </params>
          <reporter-output>
          </reporter-output>
        </test-method> <!-- setup -->
        <test-method signature="verify_login()[pri:0, instance:testCases.TC002_LoginTest@335b5620]" started-at="2026-01-19T16:40:41 IST" name="verify_login" finished-at="2026-01-19T16:40:44 IST" duration-ms="2623" status="PASS">
          <reporter-output>
          </reporter-output>
        </test-method> <!-- verify_login -->
        <test-method is-config="true" signature="tearDown()[pri:0, instance:testCases.TC002_LoginTest@335b5620]" started-at="2026-01-19T16:40:44 IST" name="tearDown" finished-at="2026-01-19T16:40:45 IST" duration-ms="750" status="PASS">
          <reporter-output>
          </reporter-output>
        </test-method> <!-- tearDown -->
      </class> <!-- testCases.TC002_LoginTest -->
      <class name="testCases.TC001_AccountRegistrationPage">
        <test-method is-config="true" signature="setup(java.lang.String,java.lang.String)[pri:0, instance:testCases.TC001_AccountRegistrationPage@740d2e78]" started-at="2026-01-19T16:40:28 IST" name="setup" finished-at="2026-01-19T16:40:32 IST" duration-ms="4372" status="PASS">
          <params>
            <param index="0">
              <value>
                <![CDATA[Windows]]>
              </value>
            </param>
            <param index="1">
              <value>
                <![CDATA[chrome]]>
              </value>
            </param>
          </params>
          <reporter-output>
          </reporter-output>
        </test-method> <!-- setup -->
        <test-method signature="verify_account_registration()[pri:0, instance:testCases.TC001_AccountRegistrationPage@740d2e78]" started-at="2026-01-19T16:40:32 IST" name="verify_account_registration" finished-at="2026-01-19T16:40:38 IST" duration-ms="5770" status="PASS">
          <reporter-output>
          </reporter-output>
        </test-method> <!-- verify_account_registration -->
        <test-method is-config="true" signature="tearDown()[pri:0, instance:testCases.TC001_AccountRegistrationPage@740d2e78]" started-at="2026-01-19T16:40:38 IST" name="tearDown" finished-at="2026-01-19T16:40:39 IST" duration-ms="466" status="PASS">
          <reporter-output>
          </reporter-output>
        </test-method> <!-- tearDown -->
      </class> <!-- testCases.TC001_AccountRegistrationPage -->
    </test> <!-- Test -->
  </suite> <!-- Suite -->
</testng-results>
