<?xml version="1.0" encoding="UTF-8"?>
<testng-results ignored="0" total="2" passed="2" failed="0" skipped="0">
  <reporter-output>
  </reporter-output>
  <suite started-at="2026-01-17T17:12:44 IST" name="Suite" finished-at="2026-01-17T17:12:56 IST" duration-ms="11650">
    <groups>
      <group name="Master">
        <method signature="TC001_AccountRegistrationPage.verify_account_registration()[pri:0, instance:testCases.TC001_AccountRegistrationPage@525575]" name="verify_account_registration" class="testCases.TC001_AccountRegistrationPage"/>
        <method signature="TC002_LoginTest.verify_login()[pri:0, instance:testCases.TC002_LoginTest@db57326]" name="verify_login" class="testCases.TC002_LoginTest"/>
      </group> <!-- Master -->
      <group name="Sanity">
        <method signature="TC002_LoginTest.verify_login()[pri:0, instance:testCases.TC002_LoginTest@db57326]" name="verify_login" class="testCases.TC002_LoginTest"/>
      </group> <!-- Sanity -->
      <group name="Regression">
        <method signature="TC001_AccountRegistrationPage.verify_account_registration()[pri:0, instance:testCases.TC001_AccountRegistrationPage@525575]" name="verify_account_registration" class="testCases.TC001_AccountRegistrationPage"/>
      </group> <!-- Regression -->
    </groups>
    <test started-at="2026-01-17T17:12:44 IST" name="Test" finished-at="2026-01-17T17:12:56 IST" duration-ms="11650">
      <class name="testCases.TC002_LoginTest">
        <test-method is-config="true" signature="setup(java.lang.String,java.lang.String)[pri:0, instance:testCases.TC002_LoginTest@db57326]" started-at="2026-01-17T17:12:52 IST" name="setup" finished-at="2026-01-17T17:12:54 IST" duration-ms="1867" status="PASS">
          <params>
            <param index="0">
              <value>
                <![CDATA[Windows]]>
              </value>
            </param>
            <param index="1">
              <value>
                <![CDATA[chrome]]>
              </value>
            </param>
          </params>
          <reporter-output>
          </reporter-output>
        </test-method> <!-- setup -->
        <test-method signature="verify_login()[pri:0, instance:testCases.TC002_LoginTest@db57326]" started-at="2026-01-17T17:12:54 IST" name="verify_login" finished-at="2026-01-17T17:12:55 IST" duration-ms="1573" status="PASS">
          <reporter-output>
          </reporter-output>
        </test-method> <!-- verify_login -->
        <test-method is-config="true" signature="tearDown()[pri:0, instance:testCases.TC002_LoginTest@db57326]" started-at="2026-01-17T17:12:55 IST" name="tearDown" finished-at="2026-01-17T17:12:56 IST" duration-ms="276" status="PASS">
          <reporter-output>
          </reporter-output>
        </test-method> <!-- tearDown -->
      </class> <!-- testCases.TC002_LoginTest -->
      <class name="testCases.TC001_AccountRegistrationPage">
        <test-method is-config="true" signature="setup(java.lang.String,java.lang.String)[pri:0, instance:testCases.TC001_AccountRegistrationPage@525575]" started-at="2026-01-17T17:12:44 IST" name="setup" finished-at="2026-01-17T17:12:47 IST" duration-ms="2647" status="PASS">
          <params>
            <param index="0">
              <value>
                <![CDATA[Windows]]>
              </value>
            </param>
            <param index="1">
              <value>
                <![CDATA[chrome]]>
              </value>
            </param>
          </params>
          <reporter-output>
          </reporter-output>
        </test-method> <!-- setup -->
        <test-method signature="verify_account_registration()[pri:0, instance:testCases.TC001_AccountRegistrationPage@525575]" started-at="2026-01-17T17:12:47 IST" name="verify_account_registration" finished-at="2026-01-17T17:12:51 IST" duration-ms="4574" status="PASS">
          <reporter-output>
          </reporter-output>
        </test-method> <!-- verify_account_registration -->
        <test-method is-config="true" signature="tearDown()[pri:0, instance:testCases.TC001_AccountRegistrationPage@525575]" started-at="2026-01-17T17:12:51 IST" name="tearDown" finished-at="2026-01-17T17:12:52 IST" duration-ms="304" status="PASS">
          <reporter-output>
          </reporter-output>
        </test-method> <!-- tearDown -->
      </class> <!-- testCases.TC001_AccountRegistrationPage -->
    </test> <!-- Test -->
  </suite> <!-- Suite -->
</testng-results>
